2024-09-23 15:19:13.812 | INFO     | __main__:<module>:31 -            Open         High          Low   fechamento  Volume  Dividends  Stock Splits simbolo        data action  quantity          valor          ganho
0     71.139999    71.480003    69.730003    70.910004  102907        0.0           0.0    CL=F  2024-09-18    Buy        44    3120.040161   -3120.040161
1     71.139999    71.480003    69.730003    70.910004  102907        0.0           0.0    CL=F  2024-09-18    Buy        17    1205.470062   -1205.470062
2     71.139999    71.480003    69.730003    70.910004  102907        0.0           0.0    CL=F  2024-09-18    Buy        41    2907.310150   -2907.310150
3     70.129997    72.489998    70.129997    71.949997   86630        0.0           0.0    CL=F  2024-09-19   Sell         7     503.649979    -503.649979
4     70.129997    72.489998    70.129997    71.949997   86630        0.0           0.0    CL=F  2024-09-19    Buy        22    1582.899933   -1582.899933
5     70.129997    72.489998    70.129997    71.949997   86630        0.0           0.0    CL=F  2024-09-19    Buy        20    1438.999939   -1438.999939
6     70.129997    72.489998    70.129997    71.949997   86630        0.0           0.0    CL=F  2024-09-19    Buy        43    3093.849869   -3093.849869
7     72.099998    72.400002    71.360001    71.919998   86630        0.0           0.0    CL=F  2024-09-20    Buy        27    1941.839951   -1941.839951
8   2570.699951  2570.699951  2549.199951  2570.699951      25        0.0           0.0    GC=F  2024-09-18   Sell        44  113110.797852 -113110.797852
9   2570.699951  2570.699951  2549.199951  2570.699951      25        0.0           0.0    GC=F  2024-09-18    Buy        24   61696.798828  -61696.798828
10  2570.699951  2570.699951  2549.199951  2570.699951      25        0.0           0.0    GC=F  2024-09-18    Buy        39  100257.298096 -100257.298096
11  2570.699951  2570.699951  2549.199951  2570.699951      25        0.0           0.0    GC=F  2024-09-18    Buy        40  102827.998047 -102827.998047
12  2570.699951  2570.699951  2549.199951  2570.699951      25        0.0           0.0    GC=F  2024-09-18    Buy        14   35989.799316  -35989.799316
13  2566.000000  2588.000000  2566.000000  2588.000000      99        0.0           0.0    GC=F  2024-09-19    Buy        30   77640.000000  -77640.000000
14  2566.000000  2588.000000  2566.000000  2588.000000      99        0.0           0.0    GC=F  2024-09-19    Buy        41  106108.000000 -106108.000000
15  2590.399902  2621.800049  2590.399902  2619.899902      99        0.0           0.0    GC=F  2024-09-20   Sell        43  112655.695801 -112655.695801
16  2590.399902  2621.800049  2590.399902  2619.899902      99        0.0           0.0    GC=F  2024-09-20    Buy        25   65497.497559  -65497.497559
17    30.660000    30.730000    30.299999    30.341000      86        0.0           0.0    SI=F  2024-09-18   Sell         8     242.727997    -242.727997
18    30.660000    30.730000    30.299999    30.341000      86        0.0           0.0    SI=F  2024-09-18   Sell         5     151.704998    -151.704998
19    30.660000    30.730000    30.299999    30.341000      86        0.0           0.0    SI=F  2024-09-18   Sell        18     546.137993    -546.137993
20    30.660000    30.730000    30.299999    30.341000      86        0.0           0.0    SI=F  2024-09-18   Sell        25     758.524990    -758.524990
21    30.660000    30.730000    30.299999    30.341000      86        0.0           0.0    SI=F  2024-09-18    Buy        13     394.432995    -394.432995
22    30.660000    30.730000    30.299999    30.341000      86        0.0           0.0    SI=F  2024-09-18    Buy        20     606.819992    -606.819992
23    30.049999    31.094000    30.049999    31.094000      26        0.0           0.0    SI=F  2024-09-19    Buy        15     466.409998    -466.409998
24    30.049999    31.094000    30.049999    31.094000      26        0.0           0.0    SI=F  2024-09-19   Sell        35    1088.289995   -1088.289995
25    30.049999    31.094000    30.049999    31.094000      26        0.0           0.0    SI=F  2024-09-19    Buy        21     652.973997    -652.973997
26    30.049999    31.094000    30.049999    31.094000      26        0.0           0.0    SI=F  2024-09-19    Buy        38    1181.571995   -1181.571995
27    30.049999    31.094000    30.049999    31.094000      26        0.0           0.0    SI=F  2024-09-19   Sell        26     808.443996    -808.443996
28    30.049999    31.094000    30.049999    31.094000      26        0.0           0.0    SI=F  2024-09-19    Buy        23     715.161997    -715.161997
29    31.065001    31.200001    31.065001    31.176001      26        0.0           0.0    SI=F  2024-09-20   Sell        26     810.576015    -810.576015
30    31.065001    31.200001    31.065001    31.176001      26        0.0           0.0    SI=F  2024-09-20    Buy        33    1028.808020   -1028.808020
31    31.065001    31.200001    31.065001    31.176001      26        0.0           0.0    SI=F  2024-09-20   Sell        27     841.752016    -841.752016
32    31.065001    31.200001    31.065001    31.176001      26        0.0           0.0    SI=F  2024-09-20    Buy        17     529.992010    -529.992010
2024-09-23 15:19:13.851 | INFO     | __main__:<module>:34 - --- 1.13 seconds ---
